{"/home/sutuioncode/ProjectsIsutc/Irriga/app/services/api/api-config.ts": {"path":"/home/sutuioncode/ProjectsIsutc/Irriga/app/services/api/api-config.ts","statementMap":{"0":{"start":{"line":4,"column":16},"end":{"line":4,"column":41}},"1":{"start":{"line":24,"column":13},"end":{"line":27,"column":null}}},"fnMap":{},"branchMap":{},"s":{"0":1,"1":1},"f":{},"b":{}}
,"/home/sutuioncode/ProjectsIsutc/Irriga/app/services/api/api-params.ts": {"path":"/home/sutuioncode/ProjectsIsutc/Irriga/app/services/api/api-params.ts","statementMap":{"0":{"start":{"line":10,"column":2},"end":{"line":12,"column":null}},"1":{"start":{"line":9,"column":0},"end":{"line":9,"column":16}}},"fnMap":{"0":{"name":"getForm","decl":{"start":{"line":9,"column":16},"end":{"line":9,"column":23}},"loc":{"start":{"line":9,"column":34},"end":{"line":13,"column":1}}}},"branchMap":{},"s":{"0":0,"1":1},"f":{"0":0},"b":{}}
,"/home/sutuioncode/ProjectsIsutc/Irriga/app/services/api/api-problem.ts": {"path":"/home/sutuioncode/ProjectsIsutc/Irriga/app/services/api/api-problem.ts","statementMap":{"0":{"start":{"line":52,"column":2},"end":{"line":76,"column":null}},"1":{"start":{"line":54,"column":6},"end":{"line":54,"column":null}},"2":{"start":{"line":56,"column":6},"end":{"line":56,"column":null}},"3":{"start":{"line":58,"column":6},"end":{"line":58,"column":null}},"4":{"start":{"line":60,"column":6},"end":{"line":60,"column":null}},"5":{"start":{"line":62,"column":6},"end":{"line":62,"column":null}},"6":{"start":{"line":64,"column":6},"end":{"line":73,"column":null}},"7":{"start":{"line":66,"column":10},"end":{"line":66,"column":null}},"8":{"start":{"line":68,"column":10},"end":{"line":68,"column":null}},"9":{"start":{"line":70,"column":10},"end":{"line":70,"column":null}},"10":{"start":{"line":72,"column":10},"end":{"line":72,"column":null}},"11":{"start":{"line":75,"column":6},"end":{"line":75,"column":null}},"12":{"start":{"line":78,"column":2},"end":{"line":78,"column":null}},"13":{"start":{"line":51,"column":0},"end":{"line":51,"column":16}},"14":{"start":{"line":83,"column":47},"end":{"line":83,"column":56}},"15":{"start":{"line":84,"column":2},"end":{"line":86,"column":null}},"16":{"start":{"line":85,"column":4},"end":{"line":85,"column":null}},"17":{"start":{"line":88,"column":17},"end":{"line":92,"column":3}},"18":{"start":{"line":89,"column":4},"end":{"line":89,"column":null}},"19":{"start":{"line":89,"column":17},"end":{"line":89,"column":null}},"20":{"start":{"line":90,"column":4},"end":{"line":90,"column":null}},"21":{"start":{"line":90,"column":24},"end":{"line":90,"column":null}},"22":{"start":{"line":91,"column":4},"end":{"line":91,"column":null}},"23":{"start":{"line":95,"column":2},"end":{"line":95,"column":null}},"24":{"start":{"line":81,"column":0},"end":{"line":81,"column":16}}},"fnMap":{"0":{"name":"getGeneralApiProblem","decl":{"start":{"line":51,"column":16},"end":{"line":51,"column":36}},"loc":{"start":{"line":51,"column":63},"end":{"line":79,"column":1}}},"1":{"name":"parseApiResponse","decl":{"start":{"line":81,"column":16},"end":{"line":81,"column":32}},"loc":{"start":{"line":81,"column":63},"end":{"line":96,"column":1}}},"2":{"name":"(anonymous_2)","decl":{"start":{"line":88,"column":17},"end":{"line":88,"column":18}},"loc":{"start":{"line":88,"column":54},"end":{"line":92,"column":3}}}},"branchMap":{"0":{"loc":{"start":{"line":52,"column":2},"end":{"line":76,"column":null}},"type":"switch","locations":[{"start":{"line":53,"column":4},"end":{"line":54,"column":null}},{"start":{"line":55,"column":4},"end":{"line":56,"column":null}},{"start":{"line":57,"column":4},"end":{"line":58,"column":null}},{"start":{"line":59,"column":4},"end":{"line":60,"column":null}},{"start":{"line":61,"column":4},"end":{"line":62,"column":null}},{"start":{"line":63,"column":4},"end":{"line":73,"column":null}},{"start":{"line":74,"column":4},"end":{"line":75,"column":null}}]},"1":{"loc":{"start":{"line":64,"column":6},"end":{"line":73,"column":null}},"type":"switch","locations":[{"start":{"line":65,"column":8},"end":{"line":66,"column":null}},{"start":{"line":67,"column":8},"end":{"line":68,"column":null}},{"start":{"line":69,"column":8},"end":{"line":70,"column":null}},{"start":{"line":71,"column":8},"end":{"line":72,"column":null}}]},"2":{"loc":{"start":{"line":84,"column":2},"end":{"line":86,"column":null}},"type":"if","locations":[{"start":{"line":84,"column":2},"end":{"line":86,"column":null}}]},"3":{"loc":{"start":{"line":89,"column":4},"end":{"line":89,"column":null}},"type":"if","locations":[{"start":{"line":89,"column":4},"end":{"line":89,"column":null}}]},"4":{"loc":{"start":{"line":90,"column":4},"end":{"line":90,"column":null}},"type":"if","locations":[{"start":{"line":90,"column":4},"end":{"line":90,"column":null}}]}},"s":{"0":0,"1":0,"2":0,"3":0,"4":0,"5":0,"6":0,"7":0,"8":0,"9":0,"10":0,"11":0,"12":0,"13":1,"14":0,"15":0,"16":0,"17":0,"18":0,"19":0,"20":0,"21":0,"22":0,"23":0,"24":1},"f":{"0":0,"1":0,"2":0},"b":{"0":[0,0,0,0,0,0,0],"1":[0,0,0,0],"2":[0],"3":[0],"4":[0]}}
,"/home/sutuioncode/ProjectsIsutc/Irriga/app/services/api/api.ts": {"path":"/home/sutuioncode/ProjectsIsutc/Irriga/app/services/api/api.ts","statementMap":{"0":{"start":{"line":1,"column":0},"end":{"line":1,"column":64}},"1":{"start":{"line":2,"column":0},"end":{"line":2,"column":52}},"2":{"start":{"line":3,"column":0},"end":{"line":3,"column":60}},"3":{"start":{"line":27,"column":4},"end":{"line":27,"column":null}},"4":{"start":{"line":39,"column":4},"end":{"line":45,"column":null}},"5":{"start":{"line":53,"column":39},"end":{"line":53,"column":72}},"6":{"start":{"line":56,"column":4},"end":{"line":59,"column":null}},"7":{"start":{"line":57,"column":22},"end":{"line":57,"column":52}},"8":{"start":{"line":58,"column":6},"end":{"line":58,"column":null}},"9":{"start":{"line":58,"column":19},"end":{"line":58,"column":null}},"10":{"start":{"line":61,"column":24},"end":{"line":66,"column":5}},"11":{"start":{"line":62,"column":6},"end":{"line":65,"column":null}},"12":{"start":{"line":69,"column":4},"end":{"line":75,"column":null}},"13":{"start":{"line":70,"column":23},"end":{"line":70,"column":36}},"14":{"start":{"line":71,"column":40},"end":{"line":71,"column":65}},"15":{"start":{"line":72,"column":6},"end":{"line":72,"column":null}},"16":{"start":{"line":74,"column":6},"end":{"line":74,"column":null}},"17":{"start":{"line":84,"column":39},"end":{"line":84,"column":78}},"18":{"start":{"line":87,"column":4},"end":{"line":90,"column":null}},"19":{"start":{"line":88,"column":22},"end":{"line":88,"column":52}},"20":{"start":{"line":89,"column":6},"end":{"line":89,"column":null}},"21":{"start":{"line":89,"column":19},"end":{"line":89,"column":null}},"22":{"start":{"line":93,"column":4},"end":{"line":101,"column":null}},"23":{"start":{"line":94,"column":37},"end":{"line":97,"column":null}},"24":{"start":{"line":98,"column":6},"end":{"line":98,"column":null}},"25":{"start":{"line":100,"column":6},"end":{"line":100,"column":null}},"26":{"start":{"line":9,"column":0},"end":{"line":9,"column":13}}},"fnMap":{"0":{"name":"(anonymous_0)","decl":{"start":{"line":26,"column":2},"end":{"line":26,"column":14}},"loc":{"start":{"line":26,"column":52},"end":{"line":28,"column":3}}},"1":{"name":"(anonymous_1)","decl":{"start":{"line":37,"column":2},"end":{"line":37,"column":7}},"loc":{"start":{"line":37,"column":7},"end":{"line":46,"column":3}}},"2":{"name":"(anonymous_2)","decl":{"start":{"line":51,"column":2},"end":{"line":51,"column":7}},"loc":{"start":{"line":51,"column":16},"end":{"line":76,"column":3}}},"3":{"name":"(anonymous_3)","decl":{"start":{"line":61,"column":24},"end":{"line":61,"column":25}},"loc":{"start":{"line":61,"column":37},"end":{"line":66,"column":5}}},"4":{"name":"(anonymous_4)","decl":{"start":{"line":82,"column":2},"end":{"line":82,"column":7}},"loc":{"start":{"line":82,"column":26},"end":{"line":102,"column":3}}}},"branchMap":{"0":{"loc":{"start":{"line":26,"column":14},"end":{"line":26,"column":52}},"type":"default-arg","locations":[{"start":{"line":26,"column":34},"end":{"line":26,"column":52}}]},"1":{"loc":{"start":{"line":56,"column":4},"end":{"line":59,"column":null}},"type":"if","locations":[{"start":{"line":56,"column":4},"end":{"line":59,"column":null}}]},"2":{"loc":{"start":{"line":58,"column":6},"end":{"line":58,"column":null}},"type":"if","locations":[{"start":{"line":58,"column":6},"end":{"line":58,"column":null}}]},"3":{"loc":{"start":{"line":87,"column":4},"end":{"line":90,"column":null}},"type":"if","locations":[{"start":{"line":87,"column":4},"end":{"line":90,"column":null}}]},"4":{"loc":{"start":{"line":89,"column":6},"end":{"line":89,"column":null}},"type":"if","locations":[{"start":{"line":89,"column":6},"end":{"line":89,"column":null}}]}},"s":{"0":1,"1":1,"2":1,"3":0,"4":0,"5":0,"6":0,"7":0,"8":0,"9":0,"10":0,"11":0,"12":0,"13":0,"14":0,"15":0,"16":0,"17":0,"18":0,"19":0,"20":0,"21":0,"22":0,"23":0,"24":0,"25":0,"26":1},"f":{"0":0,"1":0,"2":0,"3":0,"4":0},"b":{"0":[0],"1":[0],"2":[0],"3":[0],"4":[0]}}
,"/home/sutuioncode/ProjectsIsutc/Irriga/app/services/api/form-api.ts": {"path":"/home/sutuioncode/ProjectsIsutc/Irriga/app/services/api/form-api.ts","statementMap":{"0":{"start":{"line":2,"column":0},"end":{"line":2,"column":38}},"1":{"start":{"line":3,"column":0},"end":{"line":3,"column":48}},"2":{"start":{"line":5,"column":0},"end":{"line":5,"column":47}},"3":{"start":{"line":6,"column":13},"end":{"line":6,"column":null}},"4":{"start":{"line":12,"column":4},"end":{"line":12,"column":null}},"5":{"start":{"line":16,"column":4},"end":{"line":16,"column":null}},"6":{"start":{"line":25,"column":4},"end":{"line":32,"column":null}},"7":{"start":{"line":26,"column":24},"end":{"line":27,"column":null}},"8":{"start":{"line":29,"column":6},"end":{"line":29,"column":null}},"9":{"start":{"line":31,"column":6},"end":{"line":31,"column":null}},"10":{"start":{"line":8,"column":0},"end":{"line":8,"column":13}}},"fnMap":{"0":{"name":"(anonymous_0)","decl":{"start":{"line":11,"column":2},"end":{"line":11,"column":14}},"loc":{"start":{"line":11,"column":22},"end":{"line":13,"column":3}}},"1":{"name":"(anonymous_1)","decl":{"start":{"line":15,"column":9},"end":{"line":15,"column":15}},"loc":{"start":{"line":15,"column":38},"end":{"line":17,"column":3}}},"2":{"name":"(anonymous_2)","decl":{"start":{"line":23,"column":2},"end":{"line":23,"column":7}},"loc":{"start":{"line":23,"column":26},"end":{"line":33,"column":3}}}},"branchMap":{},"s":{"0":1,"1":1,"2":1,"3":1,"4":0,"5":0,"6":0,"7":0,"8":0,"9":0,"10":1},"f":{"0":0,"1":0,"2":0},"b":{}}
,"/home/sutuioncode/ProjectsIsutc/Irriga/app/services/api/index.ts": {"path":"/home/sutuioncode/ProjectsIsutc/Irriga/app/services/api/index.ts","statementMap":{"0":{"start":{"line":1,"column":0},"end":{"line":1,"column":21}},"1":{"start":{"line":2,"column":0},"end":{"line":2,"column":27}},"2":{"start":{"line":3,"column":0},"end":{"line":3,"column":26}},"3":{"start":{"line":4,"column":0},"end":{"line":4,"column":26}}},"fnMap":{},"branchMap":{},"s":{"0":1,"1":1,"2":1,"3":1},"f":{},"b":{}}
,"/home/sutuioncode/ProjectsIsutc/Irriga/app/services/api/user-api.ts": {"path":"/home/sutuioncode/ProjectsIsutc/Irriga/app/services/api/user-api.ts","statementMap":{"0":{"start":{"line":1,"column":0},"end":{"line":1,"column":51}},"1":{"start":{"line":3,"column":0},"end":{"line":3,"column":52}},"2":{"start":{"line":6,"column":22},"end":{"line":6,"column":24}},"3":{"start":{"line":12,"column":4},"end":{"line":12,"column":null}},"4":{"start":{"line":21,"column":39},"end":{"line":21,"column":82}},"5":{"start":{"line":23,"column":4},"end":{"line":26,"column":null}},"6":{"start":{"line":24,"column":22},"end":{"line":24,"column":52}},"7":{"start":{"line":25,"column":6},"end":{"line":25,"column":null}},"8":{"start":{"line":25,"column":19},"end":{"line":25,"column":null}},"9":{"start":{"line":29,"column":4},"end":{"line":37,"column":null}},"10":{"start":{"line":30,"column":31},"end":{"line":33,"column":null}},"11":{"start":{"line":34,"column":6},"end":{"line":34,"column":null}},"12":{"start":{"line":36,"column":6},"end":{"line":36,"column":null}},"13":{"start":{"line":41,"column":4},"end":{"line":71,"column":null}},"14":{"start":{"line":43,"column":21},"end":{"line":43,"column":41}},"15":{"start":{"line":44,"column":48},"end":{"line":50,"column":null}},"16":{"start":{"line":54,"column":6},"end":{"line":57,"column":null}},"17":{"start":{"line":55,"column":24},"end":{"line":55,"column":54}},"18":{"start":{"line":56,"column":8},"end":{"line":56,"column":null}},"19":{"start":{"line":56,"column":21},"end":{"line":56,"column":null}},"20":{"start":{"line":59,"column":20},"end":{"line":59,"column":33}},"21":{"start":{"line":61,"column":6},"end":{"line":63,"column":null}},"22":{"start":{"line":62,"column":8},"end":{"line":62,"column":null}},"23":{"start":{"line":65,"column":6},"end":{"line":65,"column":null}},"24":{"start":{"line":67,"column":6},"end":{"line":69,"column":null}},"25":{"start":{"line":68,"column":8},"end":{"line":68,"column":null}},"26":{"start":{"line":70,"column":6},"end":{"line":70,"column":null}},"27":{"start":{"line":8,"column":0},"end":{"line":8,"column":13}}},"fnMap":{"0":{"name":"(anonymous_0)","decl":{"start":{"line":11,"column":2},"end":{"line":11,"column":14}},"loc":{"start":{"line":11,"column":22},"end":{"line":13,"column":3}}},"1":{"name":"(anonymous_1)","decl":{"start":{"line":19,"column":2},"end":{"line":19,"column":7}},"loc":{"start":{"line":19,"column":26},"end":{"line":38,"column":3}}},"2":{"name":"(anonymous_2)","decl":{"start":{"line":40,"column":2},"end":{"line":40,"column":7}},"loc":{"start":{"line":40,"column":46},"end":{"line":72,"column":3}}}},"branchMap":{"0":{"loc":{"start":{"line":23,"column":4},"end":{"line":26,"column":null}},"type":"if","locations":[{"start":{"line":23,"column":4},"end":{"line":26,"column":null}}]},"1":{"loc":{"start":{"line":25,"column":6},"end":{"line":25,"column":null}},"type":"if","locations":[{"start":{"line":25,"column":6},"end":{"line":25,"column":null}}]},"2":{"loc":{"start":{"line":54,"column":6},"end":{"line":57,"column":null}},"type":"if","locations":[{"start":{"line":54,"column":6},"end":{"line":57,"column":null}}]},"3":{"loc":{"start":{"line":56,"column":8},"end":{"line":56,"column":null}},"type":"if","locations":[{"start":{"line":56,"column":8},"end":{"line":56,"column":null}}]},"4":{"loc":{"start":{"line":61,"column":6},"end":{"line":63,"column":null}},"type":"if","locations":[{"start":{"line":61,"column":6},"end":{"line":63,"column":null}}]},"5":{"loc":{"start":{"line":67,"column":6},"end":{"line":69,"column":null}},"type":"if","locations":[{"start":{"line":67,"column":6},"end":{"line":69,"column":null}}]},"6":{"loc":{"start":{"line":67,"column":10},"end":{"line":67,"column":38}},"type":"binary-expr","locations":[{"start":{"line":67,"column":10},"end":{"line":67,"column":17}},{"start":{"line":67,"column":21},"end":{"line":67,"column":38}}]}},"s":{"0":1,"1":1,"2":1,"3":0,"4":0,"5":0,"6":0,"7":0,"8":0,"9":0,"10":0,"11":0,"12":0,"13":0,"14":0,"15":0,"16":0,"17":0,"18":0,"19":0,"20":0,"21":0,"22":0,"23":0,"24":0,"25":0,"26":0,"27":1},"f":{"0":0,"1":0,"2":0},"b":{"0":[0],"1":[0],"2":[0],"3":[0],"4":[0],"5":[0],"6":[0,0]}}
,"/home/sutuioncode/ProjectsIsutc/Irriga/app/services/api/helper/form.ts": {"path":"/home/sutuioncode/ProjectsIsutc/Irriga/app/services/api/helper/form.ts","statementMap":{"0":{"start":{"line":4,"column":2},"end":{"line":4,"column":null}},"1":{"start":{"line":3,"column":0},"end":{"line":3,"column":16}}},"fnMap":{"0":{"name":"parseFormResult","decl":{"start":{"line":3,"column":16},"end":{"line":3,"column":31}},"loc":{"start":{"line":3,"column":49},"end":{"line":5,"column":1}}}},"branchMap":{},"s":{"0":0,"1":1},"f":{"0":0},"b":{}}
,"/home/sutuioncode/ProjectsIsutc/Irriga/app/utils/TextUtils.ts": {"path":"/home/sutuioncode/ProjectsIsutc/Irriga/app/utils/TextUtils.ts","statementMap":{"0":{"start":{"line":1,"column":0},"end":{"line":1,"column":43}},"1":{"start":{"line":5,"column":16},"end":{"line":5,"column":49}},"2":{"start":{"line":7,"column":4},"end":{"line":7,"column":null}},"3":{"start":{"line":7,"column":17},"end":{"line":7,"column":null}},"4":{"start":{"line":9,"column":22},"end":{"line":9,"column":56}},"5":{"start":{"line":11,"column":4},"end":{"line":11,"column":null}},"6":{"start":{"line":14,"column":4},"end":{"line":14,"column":null}},"7":{"start":{"line":17,"column":4},"end":{"line":19,"column":null}},"8":{"start":{"line":18,"column":6},"end":{"line":18,"column":null}},"9":{"start":{"line":20,"column":4},"end":{"line":20,"column":null}},"10":{"start":{"line":24,"column":28},"end":{"line":24,"column":56}},"11":{"start":{"line":26,"column":4},"end":{"line":26,"column":null}},"12":{"start":{"line":26,"column":30},"end":{"line":26,"column":null}},"13":{"start":{"line":27,"column":4},"end":{"line":27,"column":null}},"14":{"start":{"line":27,"column":31},"end":{"line":27,"column":null}},"15":{"start":{"line":28,"column":4},"end":{"line":28,"column":null}},"16":{"start":{"line":31,"column":4},"end":{"line":37,"column":null}},"17":{"start":{"line":34,"column":6},"end":{"line":34,"column":null}},"18":{"start":{"line":34,"column":24},"end":{"line":34,"column":null}},"19":{"start":{"line":35,"column":6},"end":{"line":35,"column":null}},"20":{"start":{"line":35,"column":44},"end":{"line":35,"column":null}},"21":{"start":{"line":36,"column":6},"end":{"line":36,"column":null}},"22":{"start":{"line":38,"column":4},"end":{"line":38,"column":null}},"23":{"start":{"line":43,"column":4},"end":{"line":46,"column":null}},"24":{"start":{"line":44,"column":6},"end":{"line":44,"column":null}},"25":{"start":{"line":45,"column":6},"end":{"line":45,"column":null}},"26":{"start":{"line":47,"column":4},"end":{"line":50,"column":null}},"27":{"start":{"line":48,"column":6},"end":{"line":48,"column":null}},"28":{"start":{"line":49,"column":6},"end":{"line":49,"column":null}},"29":{"start":{"line":51,"column":4},"end":{"line":54,"column":null}},"30":{"start":{"line":52,"column":6},"end":{"line":52,"column":null}},"31":{"start":{"line":53,"column":6},"end":{"line":53,"column":null}},"32":{"start":{"line":55,"column":4},"end":{"line":58,"column":null}},"33":{"start":{"line":56,"column":6},"end":{"line":56,"column":null}},"34":{"start":{"line":57,"column":6},"end":{"line":57,"column":null}},"35":{"start":{"line":59,"column":4},"end":{"line":64,"column":null}},"36":{"start":{"line":60,"column":6},"end":{"line":60,"column":null}},"37":{"start":{"line":61,"column":6},"end":{"line":61,"column":null}},"38":{"start":{"line":63,"column":6},"end":{"line":63,"column":null}},"39":{"start":{"line":65,"column":4},"end":{"line":65,"column":null}},"40":{"start":{"line":65,"column":54},"end":{"line":65,"column":null}},"41":{"start":{"line":67,"column":4},"end":{"line":67,"column":null}},"42":{"start":{"line":73,"column":18},"end":{"line":73,"column":58}},"43":{"start":{"line":73,"column":48},"end":{"line":73,"column":57}},"44":{"start":{"line":74,"column":4},"end":{"line":74,"column":null}},"45":{"start":{"line":74,"column":27},"end":{"line":74,"column":null}},"46":{"start":{"line":75,"column":22},"end":{"line":75,"column":40}},"47":{"start":{"line":76,"column":21},"end":{"line":76,"column":62}},"48":{"start":{"line":78,"column":22},"end":{"line":78,"column":63}},"49":{"start":{"line":79,"column":21},"end":{"line":79,"column":59}},"50":{"start":{"line":80,"column":4},"end":{"line":80,"column":null}},"51":{"start":{"line":84,"column":4},"end":{"line":84,"column":null}},"52":{"start":{"line":3,"column":0},"end":{"line":3,"column":13}}},"fnMap":{"0":{"name":"(anonymous_0)","decl":{"start":{"line":4,"column":2},"end":{"line":4,"column":8}},"loc":{"start":{"line":4,"column":39},"end":{"line":12,"column":3}}},"1":{"name":"(anonymous_1)","decl":{"start":{"line":13,"column":2},"end":{"line":13,"column":8}},"loc":{"start":{"line":13,"column":30},"end":{"line":15,"column":3}}},"2":{"name":"(anonymous_2)","decl":{"start":{"line":16,"column":9},"end":{"line":16,"column":15}},"loc":{"start":{"line":16,"column":67},"end":{"line":21,"column":3}}},"3":{"name":"(anonymous_3)","decl":{"start":{"line":23,"column":9},"end":{"line":23,"column":15}},"loc":{"start":{"line":23,"column":43},"end":{"line":29,"column":3}}},"4":{"name":"(anonymous_4)","decl":{"start":{"line":30,"column":9},"end":{"line":30,"column":15}},"loc":{"start":{"line":30,"column":42},"end":{"line":39,"column":3}}},"5":{"name":"(anonymous_5)","decl":{"start":{"line":40,"column":9},"end":{"line":40,"column":15}},"loc":{"start":{"line":40,"column":40},"end":{"line":68,"column":3}}},"6":{"name":"(anonymous_6)","decl":{"start":{"line":72,"column":9},"end":{"line":72,"column":15}},"loc":{"start":{"line":72,"column":40},"end":{"line":81,"column":3}}},"7":{"name":"(anonymous_7)","decl":{"start":{"line":73,"column":41},"end":{"line":73,"column":42}},"loc":{"start":{"line":73,"column":48},"end":{"line":73,"column":57}}},"8":{"name":"(anonymous_8)","decl":{"start":{"line":83,"column":9},"end":{"line":83,"column":15}},"loc":{"start":{"line":83,"column":62},"end":{"line":85,"column":3}}}},"branchMap":{"0":{"loc":{"start":{"line":7,"column":4},"end":{"line":7,"column":null}},"type":"if","locations":[{"start":{"line":7,"column":4},"end":{"line":7,"column":null}}]},"1":{"loc":{"start":{"line":17,"column":4},"end":{"line":19,"column":null}},"type":"if","locations":[{"start":{"line":17,"column":4},"end":{"line":19,"column":null}}]},"2":{"loc":{"start":{"line":17,"column":8},"end":{"line":17,"column":38}},"type":"binary-expr","locations":[{"start":{"line":17,"column":8},"end":{"line":17,"column":21}},{"start":{"line":17,"column":25},"end":{"line":17,"column":38}}]},"3":{"loc":{"start":{"line":26,"column":4},"end":{"line":26,"column":null}},"type":"if","locations":[{"start":{"line":26,"column":4},"end":{"line":26,"column":null}}]},"4":{"loc":{"start":{"line":27,"column":4},"end":{"line":27,"column":null}},"type":"if","locations":[{"start":{"line":27,"column":4},"end":{"line":27,"column":null}}]},"5":{"loc":{"start":{"line":31,"column":4},"end":{"line":37,"column":null}},"type":"if","locations":[{"start":{"line":31,"column":4},"end":{"line":37,"column":null}}]},"6":{"loc":{"start":{"line":34,"column":6},"end":{"line":34,"column":null}},"type":"if","locations":[{"start":{"line":34,"column":6},"end":{"line":34,"column":null}}]},"7":{"loc":{"start":{"line":35,"column":6},"end":{"line":35,"column":null}},"type":"if","locations":[{"start":{"line":35,"column":6},"end":{"line":35,"column":null}}]},"8":{"loc":{"start":{"line":35,"column":10},"end":{"line":35,"column":42}},"type":"binary-expr","locations":[{"start":{"line":35,"column":10},"end":{"line":35,"column":23}},{"start":{"line":35,"column":27},"end":{"line":35,"column":42}}]},"9":{"loc":{"start":{"line":43,"column":4},"end":{"line":46,"column":null}},"type":"if","locations":[{"start":{"line":43,"column":4},"end":{"line":46,"column":null}}]},"10":{"loc":{"start":{"line":47,"column":4},"end":{"line":50,"column":null}},"type":"if","locations":[{"start":{"line":47,"column":4},"end":{"line":50,"column":null}}]},"11":{"loc":{"start":{"line":51,"column":4},"end":{"line":54,"column":null}},"type":"if","locations":[{"start":{"line":51,"column":4},"end":{"line":54,"column":null}}]},"12":{"loc":{"start":{"line":55,"column":4},"end":{"line":58,"column":null}},"type":"if","locations":[{"start":{"line":55,"column":4},"end":{"line":58,"column":null}}]},"13":{"loc":{"start":{"line":55,"column":8},"end":{"line":55,"column":38}},"type":"binary-expr","locations":[{"start":{"line":55,"column":8},"end":{"line":55,"column":20}},{"start":{"line":55,"column":24},"end":{"line":55,"column":38}}]},"14":{"loc":{"start":{"line":59,"column":4},"end":{"line":64,"column":null}},"type":"if","locations":[{"start":{"line":59,"column":4},"end":{"line":64,"column":null}},{"start":{"line":62,"column":11},"end":{"line":64,"column":null}}]},"15":{"loc":{"start":{"line":59,"column":8},"end":{"line":59,"column":44}},"type":"binary-expr","locations":[{"start":{"line":59,"column":8},"end":{"line":59,"column":23}},{"start":{"line":59,"column":27},"end":{"line":59,"column":44}}]},"16":{"loc":{"start":{"line":65,"column":4},"end":{"line":65,"column":null}},"type":"if","locations":[{"start":{"line":65,"column":4},"end":{"line":65,"column":null}}]},"17":{"loc":{"start":{"line":65,"column":8},"end":{"line":65,"column":52}},"type":"binary-expr","locations":[{"start":{"line":65,"column":8},"end":{"line":65,"column":24}},{"start":{"line":65,"column":28},"end":{"line":65,"column":52}}]},"18":{"loc":{"start":{"line":74,"column":4},"end":{"line":74,"column":null}},"type":"if","locations":[{"start":{"line":74,"column":4},"end":{"line":74,"column":null}}]},"19":{"loc":{"start":{"line":75,"column":22},"end":{"line":75,"column":40}},"type":"binary-expr","locations":[{"start":{"line":75,"column":22},"end":{"line":75,"column":34}},{"start":{"line":75,"column":38},"end":{"line":75,"column":40}}]},"20":{"loc":{"start":{"line":76,"column":21},"end":{"line":76,"column":62}},"type":"cond-expr","locations":[{"start":{"line":76,"column":40},"end":{"line":76,"column":57}},{"start":{"line":76,"column":60},"end":{"line":76,"column":62}}]},"21":{"loc":{"start":{"line":76,"column":40},"end":{"line":76,"column":57}},"type":"binary-expr","locations":[{"start":{"line":76,"column":40},"end":{"line":76,"column":51}},{"start":{"line":76,"column":55},"end":{"line":76,"column":57}}]},"22":{"loc":{"start":{"line":78,"column":22},"end":{"line":78,"column":63}},"type":"cond-expr","locations":[{"start":{"line":78,"column":46},"end":{"line":78,"column":58}},{"start":{"line":78,"column":61},"end":{"line":78,"column":63}}]},"23":{"loc":{"start":{"line":79,"column":21},"end":{"line":79,"column":59}},"type":"cond-expr","locations":[{"start":{"line":79,"column":43},"end":{"line":79,"column":54}},{"start":{"line":79,"column":57},"end":{"line":79,"column":59}}]}},"s":{"0":1,"1":37,"2":37,"3":28,"4":9,"5":9,"6":0,"7":41,"8":29,"9":12,"10":37,"11":37,"12":4,"13":33,"14":5,"15":28,"16":14,"17":14,"18":6,"19":8,"20":4,"21":4,"22":0,"23":14,"24":1,"25":1,"26":14,"27":1,"28":1,"29":14,"30":1,"31":1,"32":14,"33":2,"34":2,"35":14,"36":4,"37":4,"38":10,"39":4,"40":0,"41":4,"42":5,"43":11,"44":5,"45":0,"46":5,"47":5,"48":5,"49":5,"50":5,"51":0,"52":1},"f":{"0":37,"1":0,"2":41,"3":37,"4":14,"5":14,"6":5,"7":11,"8":0},"b":{"0":[28],"1":[29],"2":[41,12],"3":[4],"4":[5],"5":[14],"6":[6],"7":[4],"8":[8,8],"9":[1],"10":[1],"11":[1],"12":[2],"13":[14,12],"14":[4,10],"15":[14,10],"16":[0],"17":[4,4],"18":[0],"19":[5,0],"20":[3,2],"21":[3,0],"22":[4,1],"23":[3,2]}}
}
