TN:
SF:app/services/api/api-config.ts
FNF:0
FNH:0
DA:4,1
DA:24,1
LF:2
LH:2
BRF:0
BRH:0
end_of_record
TN:
SF:app/services/api/api-params.ts
FN:9,getForm
FNF:1
FNH:0
FNDA:0,getForm
DA:9,1
DA:10,0
LF:2
LH:1
BRF:0
BRH:0
end_of_record
TN:
SF:app/services/api/api-problem.ts
FN:51,getGeneralApiProblem
FN:81,parseApiResponse
FN:88,(anonymous_2)
FNF:3
FNH:0
FNDA:0,getGeneralApiProblem
FNDA:0,parseApiResponse
FNDA:0,(anonymous_2)
DA:51,1
DA:52,0
DA:54,0
DA:56,0
DA:58,0
DA:60,0
DA:62,0
DA:64,0
DA:66,0
DA:68,0
DA:70,0
DA:72,0
DA:75,0
DA:78,0
DA:81,1
DA:83,0
DA:84,0
DA:85,0
DA:88,0
DA:89,0
DA:90,0
DA:91,0
DA:95,0
LF:23
LH:2
BRDA:52,0,0,0
BRDA:52,0,1,0
BRDA:52,0,2,0
BRDA:52,0,3,0
BRDA:52,0,4,0
BRDA:52,0,5,0
BRDA:52,0,6,0
BRDA:64,1,0,0
BRDA:64,1,1,0
BRDA:64,1,2,0
BRDA:64,1,3,0
BRDA:84,2,0,0
BRDA:89,3,0,0
BRDA:90,4,0,0
BRF:14
BRH:0
end_of_record
TN:
SF:app/services/api/api.ts
FN:26,(anonymous_0)
FN:37,(anonymous_1)
FN:51,(anonymous_2)
FN:61,(anonymous_3)
FN:82,(anonymous_4)
FNF:5
FNH:0
FNDA:0,(anonymous_0)
FNDA:0,(anonymous_1)
FNDA:0,(anonymous_2)
FNDA:0,(anonymous_3)
FNDA:0,(anonymous_4)
DA:1,1
DA:2,1
DA:3,1
DA:9,1
DA:27,0
DA:39,0
DA:53,0
DA:56,0
DA:57,0
DA:58,0
DA:61,0
DA:62,0
DA:69,0
DA:70,0
DA:71,0
DA:72,0
DA:74,0
DA:84,0
DA:87,0
DA:88,0
DA:89,0
DA:93,0
DA:94,0
DA:98,0
DA:100,0
LF:25
LH:4
BRDA:26,0,0,0
BRDA:56,1,0,0
BRDA:58,2,0,0
BRDA:87,3,0,0
BRDA:89,4,0,0
BRF:5
BRH:0
end_of_record
TN:
SF:app/services/api/form-api.ts
FN:11,(anonymous_0)
FN:15,(anonymous_1)
FN:23,(anonymous_2)
FNF:3
FNH:0
FNDA:0,(anonymous_0)
FNDA:0,(anonymous_1)
FNDA:0,(anonymous_2)
DA:2,1
DA:3,1
DA:5,1
DA:6,1
DA:8,1
DA:12,0
DA:16,0
DA:25,0
DA:26,0
DA:29,0
DA:31,0
LF:11
LH:5
BRF:0
BRH:0
end_of_record
TN:
SF:app/services/api/index.ts
FNF:0
FNH:0
DA:1,1
DA:2,1
DA:3,1
DA:4,1
LF:4
LH:4
BRF:0
BRH:0
end_of_record
TN:
SF:app/services/api/user-api.ts
FN:11,(anonymous_0)
FN:19,(anonymous_1)
FN:40,(anonymous_2)
FNF:3
FNH:0
FNDA:0,(anonymous_0)
FNDA:0,(anonymous_1)
FNDA:0,(anonymous_2)
DA:1,1
DA:3,1
DA:6,1
DA:8,1
DA:12,0
DA:21,0
DA:23,0
DA:24,0
DA:25,0
DA:29,0
DA:30,0
DA:34,0
DA:36,0
DA:41,0
DA:43,0
DA:44,0
DA:54,0
DA:55,0
DA:56,0
DA:59,0
DA:61,0
DA:62,0
DA:65,0
DA:67,0
DA:68,0
DA:70,0
LF:26
LH:4
BRDA:23,0,0,0
BRDA:25,1,0,0
BRDA:54,2,0,0
BRDA:56,3,0,0
BRDA:61,4,0,0
BRDA:67,5,0,0
BRDA:67,6,0,0
BRDA:67,6,1,0
BRF:8
BRH:0
end_of_record
TN:
SF:app/services/api/helper/form.ts
FN:3,parseFormResult
FNF:1
FNH:0
FNDA:0,parseFormResult
DA:3,1
DA:4,0
LF:2
LH:1
BRF:0
BRH:0
end_of_record
TN:
SF:app/utils/TextUtils.ts
FN:4,(anonymous_0)
FN:13,(anonymous_1)
FN:16,(anonymous_2)
FN:23,(anonymous_3)
FN:30,(anonymous_4)
FN:40,(anonymous_5)
FN:72,(anonymous_6)
FN:73,(anonymous_7)
FN:83,(anonymous_8)
FNF:9
FNH:7
FNDA:37,(anonymous_0)
FNDA:0,(anonymous_1)
FNDA:41,(anonymous_2)
FNDA:37,(anonymous_3)
FNDA:14,(anonymous_4)
FNDA:14,(anonymous_5)
FNDA:5,(anonymous_6)
FNDA:11,(anonymous_7)
FNDA:0,(anonymous_8)
DA:1,1
DA:3,1
DA:5,37
DA:7,37
DA:9,9
DA:11,9
DA:14,0
DA:17,41
DA:18,29
DA:20,12
DA:24,37
DA:26,37
DA:27,33
DA:28,28
DA:31,14
DA:34,14
DA:35,8
DA:36,4
DA:38,0
DA:43,14
DA:44,1
DA:45,1
DA:47,14
DA:48,1
DA:49,1
DA:51,14
DA:52,1
DA:53,1
DA:55,14
DA:56,2
DA:57,2
DA:59,14
DA:60,4
DA:61,4
DA:63,10
DA:65,4
DA:67,4
DA:73,11
DA:74,5
DA:75,5
DA:76,5
DA:78,5
DA:79,5
DA:80,5
DA:84,0
LF:45
LH:42
BRDA:7,0,0,28
BRDA:17,1,0,29
BRDA:17,2,0,41
BRDA:17,2,1,12
BRDA:26,3,0,4
BRDA:27,4,0,5
BRDA:31,5,0,14
BRDA:34,6,0,6
BRDA:35,7,0,4
BRDA:35,8,0,8
BRDA:35,8,1,8
BRDA:43,9,0,1
BRDA:47,10,0,1
BRDA:51,11,0,1
BRDA:55,12,0,2
BRDA:55,13,0,14
BRDA:55,13,1,12
BRDA:59,14,0,4
BRDA:59,14,1,10
BRDA:59,15,0,14
BRDA:59,15,1,10
BRDA:65,16,0,0
BRDA:65,17,0,4
BRDA:65,17,1,4
BRDA:74,18,0,0
BRDA:75,19,0,5
BRDA:75,19,1,0
BRDA:76,20,0,3
BRDA:76,20,1,2
BRDA:76,21,0,3
BRDA:76,21,1,0
BRDA:78,22,0,4
BRDA:78,22,1,1
BRDA:79,23,0,3
BRDA:79,23,1,2
BRF:35
BRH:31
end_of_record
